L:\USERS\PARTH\DOCUMENTS\VISUAL STUDIO 2010\PROJECTS\WALLPAPER\DEBUG\WALLPAPER.EXE
L:\USERS\PARTH\DOCUMENTS\VISUAL STUDIO 2010\PROJECTS\WALLPAPER\DEBUG\WALLPAPER.ILK
L:\USERS\PARTH\DOCUMENTS\VISUAL STUDIO 2010\PROJECTS\WALLPAPER\DEBUG\WALLPAPER.PDB
L:\Users\parth\documents\visual studio 2010\Projects\WallPaper\WallPaper\Debug\cl.command.1.tlog
L:\Users\parth\documents\visual studio 2010\Projects\WallPaper\WallPaper\Debug\CL.read.1.tlog
L:\Users\parth\documents\visual studio 2010\Projects\WallPaper\WallPaper\Debug\CL.write.1.tlog
L:\Users\parth\documents\visual studio 2010\Projects\WallPaper\WallPaper\Debug\link.command.1.tlog
L:\Users\parth\documents\visual studio 2010\Projects\WallPaper\WallPaper\Debug\link.read.1.tlog
L:\Users\parth\documents\visual studio 2010\Projects\WallPaper\WallPaper\Debug\link.write.1.tlog
L:\Users\parth\documents\visual studio 2010\Projects\WallPaper\WallPaper\Debug\link-cvtres.read.1.tlog
L:\Users\parth\documents\visual studio 2010\Projects\WallPaper\WallPaper\Debug\link-cvtres.write.1.tlog
L:\Users\parth\documents\visual studio 2010\Projects\WallPaper\WallPaper\Debug\mt.command.1.tlog
L:\Users\parth\documents\visual studio 2010\Projects\WallPaper\WallPaper\Debug\mt.read.1.tlog
L:\Users\parth\documents\visual studio 2010\Projects\WallPaper\WallPaper\Debug\mt.write.1.tlog
L:\Users\parth\documents\visual studio 2010\Projects\WallPaper\WallPaper\Debug\rc.command.1.tlog
L:\Users\parth\documents\visual studio 2010\Projects\WallPaper\WallPaper\Debug\rc.read.1.tlog
L:\Users\parth\documents\visual studio 2010\Projects\WallPaper\WallPaper\Debug\rc.write.1.tlog
L:\USERS\PARTH\DOCUMENTS\VISUAL STUDIO 2010\PROJECTS\WALLPAPER\WALLPAPER\DEBUG\STDAFX.OBJ
L:\Users\parth\documents\visual studio 2010\Projects\WallPaper\WallPaper\Debug\vc100.idb
L:\USERS\PARTH\DOCUMENTS\VISUAL STUDIO 2010\PROJECTS\WALLPAPER\WALLPAPER\DEBUG\VC100.PDB
L:\USERS\PARTH\DOCUMENTS\VISUAL STUDIO 2010\PROJECTS\WALLPAPER\WALLPAPER\DEBUG\WALLPAPER.EXE.EMBED.MANIFEST
L:\USERS\PARTH\DOCUMENTS\VISUAL STUDIO 2010\PROJECTS\WALLPAPER\WALLPAPER\DEBUG\WALLPAPER.EXE.EMBED.MANIFEST.RES
L:\USERS\PARTH\DOCUMENTS\VISUAL STUDIO 2010\PROJECTS\WALLPAPER\WALLPAPER\DEBUG\WALLPAPER.EXE.INTERMEDIATE.MANIFEST
L:\USERS\PARTH\DOCUMENTS\VISUAL STUDIO 2010\PROJECTS\WALLPAPER\WALLPAPER\DEBUG\WALLPAPER.OBJ
L:\USERS\PARTH\DOCUMENTS\VISUAL STUDIO 2010\PROJECTS\WALLPAPER\WALLPAPER\DEBUG\WALLPAPER.PCH
L:\USERS\PARTH\DOCUMENTS\VISUAL STUDIO 2010\PROJECTS\WALLPAPER\WALLPAPER\DEBUG\WALLPAPER.RES
L:\Users\parth\documents\visual studio 2010\Projects\WallPaper\WallPaper\Debug\WallPaper_manifest.rc
